w:\oop\lab_4_1\lab_4_1\debug\vc142.pdb
w:\oop\lab_4_1\lab_4_1\debug\vc142.idb
w:\oop\lab_4_1\lab_4_1\debug\vector.obj
w:\oop\lab_4_1\lab_4_1\debug\matrix.obj
w:\oop\lab_4_1\lab_4_1\debug\complex.obj
w:\oop\lab_4_1\lab_4_1\debug\abstract.obj
w:\oop\lab_4_1\lab_4_1\debug\source.obj
w:\oop\lab_4_1\debug\lab_4_1.pdb
w:\oop\lab_4_1\lab_4_1\debug\lab_4_1.tlog\cl.command.1.tlog
w:\oop\lab_4_1\lab_4_1\debug\lab_4_1.tlog\cl.read.1.tlog
w:\oop\lab_4_1\lab_4_1\debug\lab_4_1.tlog\cl.write.1.tlog
w:\oop\lab_4_1\lab_4_1\debug\lab_4_1.tlog\link-cvtres.read.1.tlog
w:\oop\lab_4_1\lab_4_1\debug\lab_4_1.tlog\link-cvtres.write.1.tlog
w:\oop\lab_4_1\lab_4_1\debug\lab_4_1.tlog\link-rc.read.1.tlog
w:\oop\lab_4_1\lab_4_1\debug\lab_4_1.tlog\link-rc.write.1.tlog
w:\oop\lab_4_1\lab_4_1\debug\lab_4_1.tlog\link.15548-cvtres.read.1.tlog
w:\oop\lab_4_1\lab_4_1\debug\lab_4_1.tlog\link.15548-cvtres.write.1.tlog
w:\oop\lab_4_1\lab_4_1\debug\lab_4_1.tlog\link.15548-rc.read.1.tlog
w:\oop\lab_4_1\lab_4_1\debug\lab_4_1.tlog\link.15548-rc.write.1.tlog
w:\oop\lab_4_1\lab_4_1\debug\lab_4_1.tlog\link.15548.read.1.tlog
w:\oop\lab_4_1\lab_4_1\debug\lab_4_1.tlog\link.15548.write.1.tlog
w:\oop\lab_4_1\lab_4_1\debug\lab_4_1.tlog\link.command.1.tlog
w:\oop\lab_4_1\lab_4_1\debug\lab_4_1.tlog\link.read.1.tlog
w:\oop\lab_4_1\lab_4_1\debug\lab_4_1.tlog\link.write.1.tlog
